Added Component: Designator=Amplifier(MAXM-S8E+14_L)
Add component (AddParameter): Name = "Bi-Dir. Curr. Sense"; Value = "Yes"; VariantName = "[No Variations]"
Add component (AddParameter): Name = "Code_JEDEC"; Value = "MS-012"; VariantName = "[No Variations]"
Add component (AddParameter): Name = "ComponentLink1Description"; Value = "Manufacturer URL"; VariantName = "[No Variations]"
Add component (AddParameter): Name = "ComponentLink1URL"; Value = "http://www.maximintegrated.com/"; VariantName = "[No Variations]"
Add component (AddParameter): Name = "ComponentLink2Description"; Value = "Datasheet"; VariantName = "[No Variations]"
Add component (AddParameter): Name = "ComponentLink2URL"; Value = "http://datasheets.maximintegrated.com/en/ds/MAX9918-MAX9920.pdf"; VariantName = "[No Variations]"
Add component (AddParameter): Name = "ComponentLink3Description"; Value = "Package Specification"; VariantName = "[No Variations]"
Add component (AddParameter): Name = "ComponentLink3URL"; Value = "http://pdfserv.maximintegrated.com/package_dwgs/21-0111.PDF"; VariantName = "[No Variations]"
Add component (AddParameter): Name = "DatasheetVersion"; Value = "Rev. 4"; VariantName = "[No Variations]"
Add component (AddParameter): Name = "Gain"; Value = "Adj."; VariantName = "[No Variations]"
Add component (AddParameter): Name = "Industry Qualified"; Value = "Automotive - AECQ100, Automotive - General"; VariantName = "[No Variations]"
Add component (AddParameter): Name = "Mounting Technology"; Value = "Surface Mount"; VariantName = "[No Variations]"
Add component (AddParameter): Name = "PackageDescription"; Value = "8-Pin Small-Outline IC, Narrow, Body 3.9 x 4.89 mm, Exposed Pad 2.945 x 2.26 mm, Pitch 1.27 mm"; VariantName = "[No Variations]"
Add component (AddParameter): Name = "PackageReference"; Value = "S8E+14"; VariantName = "[No Variations]"
Add component (AddParameter): Name = "PackageVersion"; Value = "Rev. E, 01/2009"; VariantName = "[No Variations]"
Add component (AddParameter): Name = "PartNumber"; Value = "MAX9918ASA+"; VariantName = "[No Variations]"
Added Component: Designator=H_bridge(FP-DSG0008A-MFG)
Add component (AddParameter): Name = "Ambient Temperature Range High"; Value = "+85°C"; VariantName = "[No Variations]"
Add component (AddParameter): Name = "Ambient Temperature Range Low"; Value = "-40°C"; VariantName = "[No Variations]"
Add component (AddParameter): Name = "Automotive"; Value = "No"; VariantName = "[No Variations]"
Add component (AddParameter): Name = "Category"; Value = "IC"; VariantName = "[No Variations]"
Add component (AddParameter): Name = "ComponentLink2Description"; Value = "Datasheet"; VariantName = "[No Variations]"
Add component (AddParameter): Name = "ComponentLink2URL"; Value = "http://www.ti.com/lit/ds/symlink/drv8837.pdf"; VariantName = "[No Variations]"
Add component (AddParameter): Name = "Device Class L1"; Value = "Integrated Circuits (ICs)"; VariantName = "[No Variations]"
Add component (AddParameter): Name = "Device Class L2"; Value = "Power Management ICs"; VariantName = "[No Variations]"
Add component (AddParameter): Name = "Device Class L3"; Value = "Motor Drivers"; VariantName = "[No Variations]"
Add component (AddParameter): Name = "Digikey Description"; Value = "IC MOTOR DRIVER PAR 8WSON"; VariantName = "[No Variations]"
Add component (AddParameter): Name = "Height"; Value = "0.8mm"; VariantName = "[No Variations]"
Add component (AddParameter): Name = "Lead Free"; Value = "Yes"; VariantName = "[No Variations]"
Add component (AddParameter): Name = "Manufacturer"; Value = "Texas Instruments"; VariantName = "[No Variations]"
Add component (AddParameter): Name = "Manufacturer Part Number"; Value = "DRV8837DSGR"; VariantName = "[No Variations]"
Add component (AddParameter): Name = "Max Junction Temp"; Value = "+150°C"; VariantName = "[No Variations]"
Add component (AddParameter): Name = "Max Supply Voltage"; Value = "7V"; VariantName = "[No Variations]"
Add component (AddParameter): Name = "Min Supply Voltage"; Value = "1.8V"; VariantName = "[No Variations]"
Add component (AddParameter): Name = "Motor Type"; Value = "Brushed"; VariantName = "[No Variations]"
Add component (AddParameter): Name = "Mouser Description"; Value = "Motor / Motion / Ignition Controllers & Drivers 1.8A Low Vltg Brush DC Motor Driver"; VariantName = "[No Variations]"
Add component (AddParameter): Name = "Nominal Supply Current"; Value = "300-700uA"; VariantName = "[No Variations]"
Add component (AddParameter): Name = "Number Of Outputs"; Value = "2"; VariantName = "[No Variations]"
Add component (AddParameter): Name = "Octopart"; Value = "https://octopart.com/drv8837dsgr-texas+instruments-23786726"; VariantName = "[No Variations]"
Add component (AddParameter): Name = "Output Current"; Value = "1.8A"; VariantName = "[No Variations]"
Add component (AddParameter): Name = "Output Voltage"; Value = "0-11V"; VariantName = "[No Variations]"
Add component (AddParameter): Name = "Package"; Value = "DSG0008A"; VariantName = "[No Variations]"
Add component (AddParameter): Name = "RoHS"; Value = "TRUE"; VariantName = "[No Variations]"
Add component (AddParameter): Name = "Standoff Height"; Value = "0mm"; VariantName = "[No Variations]"
Add component (AddParameter): Name = "Switching Frequency"; Value = "0-250kHz"; VariantName = "[No Variations]"
Add component (AddParameter): Name = "Temperature"; Value = "-40°C to +85°C"; VariantName = "[No Variations]"
Add component (AddParameter): Name = "Temperature Range High"; Value = "+85°C"; VariantName = "[No Variations]"
Add component (AddParameter): Name = "Temperature Range Low"; Value = "-40°C"; VariantName = "[No Variations]"
Added Component: Designator=ROhm(RESC1609X50X30NL8T20)
Add component (AddParameter): Name = "ComponentLink1Description"; Value = "Manufacturer URL"; VariantName = "[No Variations]"
Add component (AddParameter): Name = "ComponentLink1URL"; Value = "http://www.vishay.com/"; VariantName = "[No Variations]"
Add component (AddParameter): Name = "ComponentLink2Description"; Value = "Datasheet"; VariantName = "[No Variations]"
Add component (AddParameter): Name = "ComponentLink2URL"; Value = "http://www.vishay.com/docs/20035/dcrcwe3.pdf"; VariantName = "[No Variations]"
Add component (AddParameter): Name = "DatasheetVersion"; Value = "06/2012"; VariantName = "[No Variations]"
Add component (AddParameter): Name = "Height"; Value = "0.45 mm"; VariantName = "[No Variations]"
Add component (AddParameter): Name = "Length"; Value = "1.55 mm"; VariantName = "[No Variations]"
Add component (AddParameter): Name = "Manufacturer"; Value = "Vishay Semiconductor"; VariantName = "[No Variations]"
Add component (AddParameter): Name = "Max Operating Temperature"; Value = "155 degC"; VariantName = "[No Variations]"
Add component (AddParameter): Name = "Min Operating Temperature"; Value = "-55 degC"; VariantName = "[No Variations]"
Add component (AddParameter): Name = "Mount"; Value = "Surface Mount"; VariantName = "[No Variations]"
Add component (AddParameter): Name = "Mounting Technology"; Value = "Surface Mount"; VariantName = "[No Variations]"
Add component (AddParameter): Name = "Package Quantity"; Value = "5000"; VariantName = "[No Variations]"
Add component (AddParameter): Name = "PackageDescription"; Value = "2-Pin Surface Mount Device, Body 1.575 x 0.85 mm"; VariantName = "[No Variations]"
Add component (AddParameter): Name = "PackageReference"; Value = "0603"; VariantName = "[No Variations]"
Add component (AddParameter): Name = "Packaging"; Value = "Tape and Reel"; VariantName = "[No Variations]"
Add component (AddParameter): Name = "Pins"; Value = "2"; VariantName = "[No Variations]"
Add component (AddParameter): Name = "REACH SVHC"; Value = "Unknown"; VariantName = "[No Variations]"
Add component (AddParameter): Name = "RoHSCompliant"; Value = "true"; VariantName = "[No Variations]"
Add component (AddParameter): Name = "Voltage Rating"; Value = "75 V"; VariantName = "[No Variations]"
Added Pin To Net: NetName=5V Pin=Amplifier-8
Added Pin To Net: NetName=5V Pin=H_bridge-8
Added Net: Name=5V
Added Pin To Net: NetName=GND Pin=Amplifier-3
Added Pin To Net: NetName=GND Pin=Amplifier-4
Added Pin To Net: NetName=GND Pin=Amplifier-9
Added Pin To Net: NetName=GND Pin=H_bridge-4
Added Pin To Net: NetName=GND Pin=H_bridge-9
Added Net: Name=GND
Added Pin To Net: NetName=NetAmplifier_1 Pin=Amplifier-1
Added Pin To Net: NetName=NetAmplifier_1 Pin=ROhm-2
Added Net: Name=NetAmplifier_1
Added Pin To Net: NetName=NetAmplifier_2 Pin=Amplifier-2
Added Pin To Net: NetName=NetAmplifier_2 Pin=H_bridge-2
Added Pin To Net: NetName=NetAmplifier_2 Pin=ROhm-1
Added Net: Name=NetAmplifier_2
Added Pin To Net: NetName=NetAmplifier_5 Pin=Amplifier-5
Added Net: Name=NetAmplifier_5
Added Pin To Net: NetName=NetH_bridge_3 Pin=H_bridge-3
Added Net: Name=NetH_bridge_3
Added Pin To Net: NetName=NetH_bridge_5 Pin=H_bridge-5
Added Net: Name=NetH_bridge_5
Added Pin To Net: NetName=NetH_bridge_6 Pin=H_bridge-6
Added Net: Name=NetH_bridge_6
Added Pin To Net: NetName=NetH_bridge_7 Pin=H_bridge-7
Added Net: Name=NetH_bridge_7
Added Class: Name=CoilDriver
Added Room: Name=CoilDriver
